<component name="libraryTable">
  <library name="junit4">
    <CLASSES />
    <JAVADOC />
    <SOURCES>
      <root url="file://$PROJECT_DIR$/lib/jDave/Depencencies/junit4.5" />
    </SOURCES>
  </library>
</component>